<?xml version="1.0" encoding="UTF-8"?>
<testng-results skipped="0" failed="1" total="4" passed="3">
  <reporter-output>
  </reporter-output>
  <suite name="Suite" duration-ms="37899" started-at="2019-09-18T20:32:10Z" finished-at="2019-09-18T20:32:48Z">
    <groups>
    </groups>
    <test name="validating navigation bar" duration-ms="12125" started-at="2019-09-18T20:32:10Z" finished-at="2019-09-18T20:32:22Z">
      <class name="academy.ValidatingNavBar">
        <test-method status="PASS" signature="firststep()[pri:0, instance:academy.ValidatingNavBar@222545dc]" name="firststep" is-config="true" duration-ms="9752" started-at="2019-09-18T15:32:10Z" finished-at="2019-09-18T15:32:20Z">
          <reporter-output>
          </reporter-output>
        </test-method> <!-- firststep -->
        <test-method status="PASS" signature="Assertion2()[pri:0, instance:academy.ValidatingNavBar@222545dc]" name="Assertion2" duration-ms="47" started-at="2019-09-18T15:32:20Z" finished-at="2019-09-18T15:32:20Z">
          <reporter-output>
          </reporter-output>
        </test-method> <!-- Assertion2 -->
        <test-method status="PASS" signature="teardown()[pri:0, instance:academy.ValidatingNavBar@222545dc]" name="teardown" is-config="true" duration-ms="2319" started-at="2019-09-18T15:32:20Z" finished-at="2019-09-18T15:32:22Z">
          <reporter-output>
          </reporter-output>
        </test-method> <!-- teardown -->
      </class> <!-- academy.ValidatingNavBar -->
    </test> <!-- validating navigation bar -->
    <test name="App test" duration-ms="1" started-at="2019-09-18T20:32:22Z" finished-at="2019-09-18T20:32:22Z">
    </test> <!-- App test -->
    <test name="validating login info" duration-ms="16138" started-at="2019-09-18T20:32:22Z" finished-at="2019-09-18T20:32:39Z">
      <class name="academy.Homepage">
        <test-method status="PASS" signature="firststep()[pri:0, instance:academy.Homepage@6f1de4c7]" name="firststep" is-config="true" duration-ms="2069" started-at="2019-09-18T15:32:22Z" finished-at="2019-09-18T15:32:24Z">
          <reporter-output>
          </reporter-output>
        </test-method> <!-- firststep -->
        <test-method status="PASS" signature="Firstpagenavigation(java.lang.String, java.lang.String)[pri:0, instance:academy.Homepage@6f1de4c7]" name="Firstpagenavigation" duration-ms="10404" started-at="2019-09-18T15:32:24Z" data-provider="getData" finished-at="2019-09-18T15:32:35Z">
          <params>
            <param index="0">
              <value>
                <![CDATA[gayathri@yahoo.com]]>
              </value>
            </param>
            <param index="1">
              <value>
                <![CDATA[pass123]]>
              </value>
            </param>
          </params>
          <reporter-output>
          </reporter-output>
        </test-method> <!-- Firstpagenavigation -->
        <test-method status="PASS" signature="Firstpagenavigation(java.lang.String, java.lang.String)[pri:0, instance:academy.Homepage@6f1de4c7]" name="Firstpagenavigation" duration-ms="3542" started-at="2019-09-18T15:32:35Z" data-provider="getData" finished-at="2019-09-18T15:32:38Z">
          <params>
            <param index="0">
              <value>
                <![CDATA[ravi@yahoo.com]]>
              </value>
            </param>
            <param index="1">
              <value>
                <![CDATA[pass456]]>
              </value>
            </param>
          </params>
          <reporter-output>
          </reporter-output>
        </test-method> <!-- Firstpagenavigation -->
        <test-method status="PASS" signature="teardown()[pri:0, instance:academy.Homepage@6f1de4c7]" name="teardown" is-config="true" duration-ms="118" started-at="2019-09-18T15:32:38Z" finished-at="2019-09-18T15:32:39Z">
          <reporter-output>
          </reporter-output>
        </test-method> <!-- teardown -->
      </class> <!-- academy.Homepage -->
    </test> <!-- validating login info -->
    <test name="validating text" duration-ms="9613" started-at="2019-09-18T20:32:39Z" finished-at="2019-09-18T20:32:48Z">
      <class name="academy.ValidatingAssertions">
        <test-method status="PASS" signature="firststep()[pri:0, instance:academy.ValidatingAssertions@692f203f]" name="firststep" is-config="true" duration-ms="6611" started-at="2019-09-18T15:32:39Z" finished-at="2019-09-18T15:32:45Z">
          <reporter-output>
          </reporter-output>
        </test-method> <!-- firststep -->
        <test-method status="FAIL" signature="Assertions1()[pri:0, instance:academy.ValidatingAssertions@692f203f]" name="Assertions1" duration-ms="65" started-at="2019-09-18T15:32:45Z" finished-at="2019-09-18T15:32:45Z">
          <exception class="java.lang.AssertionError">
            <message>
              <![CDATA[expected [FEATURED123 COURSES] but found [FEATURED COURSES]]]>
            </message>
            <full-stacktrace>
              <![CDATA[java.lang.AssertionError: expected [FEATURED123 COURSES] but found [FEATURED COURSES]
	at org.testng.Assert.fail(Assert.java:94)
	at org.testng.Assert.failNotEquals(Assert.java:494)
	at org.testng.Assert.assertEquals(Assert.java:123)
	at org.testng.Assert.assertEquals(Assert.java:176)
	at org.testng.Assert.assertEquals(Assert.java:186)
	at academy.ValidatingAssertions.Assertions1(ValidatingAssertions.java:36)
	at sun.reflect.NativeMethodAccessorImpl.invoke0(Native Method)
	at sun.reflect.NativeMethodAccessorImpl.invoke(Unknown Source)
	at sun.reflect.DelegatingMethodAccessorImpl.invoke(Unknown Source)
	at java.lang.reflect.Method.invoke(Unknown Source)
	at org.testng.internal.MethodInvocationHelper.invokeMethod(MethodInvocationHelper.java:80)
	at org.testng.internal.Invoker.invokeMethod(Invoker.java:714)
	at org.testng.internal.Invoker.invokeTestMethod(Invoker.java:901)
	at org.testng.internal.Invoker.invokeTestMethods(Invoker.java:1231)
	at org.testng.internal.TestMethodWorker.invokeTestMethods(TestMethodWorker.java:127)
	at org.testng.internal.TestMethodWorker.run(TestMethodWorker.java:111)
	at org.testng.TestRunner.privateRun(TestRunner.java:767)
	at org.testng.TestRunner.run(TestRunner.java:617)
	at org.testng.SuiteRunner.runTest(SuiteRunner.java:334)
	at org.testng.SuiteRunner.runSequentially(SuiteRunner.java:329)
	at org.testng.SuiteRunner.privateRun(SuiteRunner.java:291)
	at org.testng.SuiteRunner.run(SuiteRunner.java:240)
	at org.testng.SuiteRunnerWorker.runSuite(SuiteRunnerWorker.java:52)
	at org.testng.SuiteRunnerWorker.run(SuiteRunnerWorker.java:86)
	at org.testng.TestNG.runSuitesSequentially(TestNG.java:1198)
	at org.testng.TestNG.runSuitesLocally(TestNG.java:1123)
	at org.testng.TestNG.run(TestNG.java:1031)
	at org.testng.remote.AbstractRemoteTestNG.run(AbstractRemoteTestNG.java:115)
	at org.testng.remote.RemoteTestNG.initAndRun(RemoteTestNG.java:251)
	at org.testng.remote.RemoteTestNG.main(RemoteTestNG.java:77)
]]>
            </full-stacktrace>
          </exception> <!-- java.lang.AssertionError -->
          <reporter-output>
          </reporter-output>
        </test-method> <!-- Assertions1 -->
        <test-method status="PASS" signature="teardown()[pri:0, instance:academy.ValidatingAssertions@692f203f]" name="teardown" is-config="true" duration-ms="2323" started-at="2019-09-18T15:32:46Z" finished-at="2019-09-18T15:32:48Z">
          <reporter-output>
          </reporter-output>
        </test-method> <!-- teardown -->
      </class> <!-- academy.ValidatingAssertions -->
    </test> <!-- validating text -->
  </suite> <!-- Suite -->
</testng-results>
